<?xml version="1.0" encoding="UTF-8"?>
<testsuite name="ru.stesting.jtraining.sandbox.EquationTests" tests="6" skipped="0" failures="0" errors="0" timestamp="2016-06-14T19:37:16" hostname="DBORISOV" time="0.016">
  <properties/>
  <testcase name="test0" classname="ru.stesting.jtraining.sandbox.EquationTests" time="0.013"/>
  <testcase name="test1" classname="ru.stesting.jtraining.sandbox.EquationTests" time="0.0"/>
  <testcase name="test2" classname="ru.stesting.jtraining.sandbox.EquationTests" time="0.0"/>
  <testcase name="testConstant" classname="ru.stesting.jtraining.sandbox.EquationTests" time="0.0"/>
  <testcase name="testLinear" classname="ru.stesting.jtraining.sandbox.EquationTests" time="0.0"/>
  <testcase name="testZero" classname="ru.stesting.jtraining.sandbox.EquationTests" time="0.0"/>
  <system-out><![CDATA[]]></system-out>
  <system-err><![CDATA[]]></system-err>
</testsuite>
