<?xml version="1.0" encoding="UTF-8"?>
<testsuite name="ru.stesting.jtraining.sandbox.PrimeTests" tests="2" skipped="0" failures="0" errors="0" timestamp="2016-06-14T19:37:16" hostname="DBORISOV" time="0.003">
  <properties/>
  <testcase name="testNoPrime" classname="ru.stesting.jtraining.sandbox.PrimeTests" time="0.001"/>
  <testcase name="testPrime" classname="ru.stesting.jtraining.sandbox.PrimeTests" time="0.001"/>
  <system-out><![CDATA[]]></system-out>
  <system-err><![CDATA[]]></system-err>
</testsuite>
