<?xml version="1.0" encoding="UTF-8"?>
<testsuite name="ru.stesting.jtraining.addressbook.tests.GroupDeletionTests" tests="1" skipped="0" failures="0" errors="0" timestamp="2016-06-06T18:58:25" hostname="DBORISOV" time="1.657">
  <properties/>
  <testcase name="testGroupDeletion" classname="ru.stesting.jtraining.addressbook.tests.GroupDeletionTests" time="1.657"/>
  <system-out><![CDATA[]]></system-out>
  <system-err><![CDATA[]]></system-err>
</testsuite>
