<?xml version="1.0" encoding="UTF-8"?>
<testsuite name="ru.stesting.jtraining.addressbook.tests.ContactCreationTests" tests="5" skipped="0" failures="0" errors="0" timestamp="2016-06-08T11:13:31" hostname="DBORISOV" time="64.084">
  <properties/>
  <testcase name="testContactCreation[0](ru.stesting.jtraining.addressbook.model.ContactData@30324461)" classname="ru.stesting.jtraining.addressbook.tests.ContactCreationTests" time="18.351"/>
  <testcase name="testContactCreation[1](ru.stesting.jtraining.addressbook.model.ContactData@67cba639)" classname="ru.stesting.jtraining.addressbook.tests.ContactCreationTests" time="11.278"/>
  <testcase name="testContactCreation[2](ru.stesting.jtraining.addressbook.model.ContactData@bec99245)" classname="ru.stesting.jtraining.addressbook.tests.ContactCreationTests" time="11.373"/>
  <testcase name="testContactCreation[3](ru.stesting.jtraining.addressbook.model.ContactData@e9026863)" classname="ru.stesting.jtraining.addressbook.tests.ContactCreationTests" time="11.686"/>
  <testcase name="testContactCreation[4](ru.stesting.jtraining.addressbook.model.ContactData@c92d8159)" classname="ru.stesting.jtraining.addressbook.tests.ContactCreationTests" time="11.394"/>
  <system-out><![CDATA[]]></system-out>
  <system-err><![CDATA[]]></system-err>
</testsuite>
