<?xml version="1.0" encoding="UTF-8"?>
<testsuite name="ru.stesting.jtraining.addressbook.tests.GroupCreationTests" tests="4" skipped="0" failures="0" errors="0" timestamp="2016-06-06T18:58:10" hostname="DBORISOV" time="11.993">
  <properties/>
  <testcase name="testBadGroupCreation" classname="ru.stesting.jtraining.addressbook.tests.GroupCreationTests" time="4.791"/>
  <testcase name="testGroupCreation[0](GroupData{id=2147483647, name='Test 7'})" classname="ru.stesting.jtraining.addressbook.tests.GroupCreationTests" time="2.465"/>
  <testcase name="testGroupCreation[1](GroupData{id=2147483647, name='Test 8'})" classname="ru.stesting.jtraining.addressbook.tests.GroupCreationTests" time="2.395"/>
  <testcase name="testGroupCreation[2](GroupData{id=2147483647, name='Test 9'})" classname="ru.stesting.jtraining.addressbook.tests.GroupCreationTests" time="2.312"/>
  <system-out><![CDATA[]]></system-out>
  <system-err><![CDATA[]]></system-err>
</testsuite>
